<?xml version="1.0" encoding="UTF-8"?>
<!-- Generated by org.testng.reporters.JUnitReportReporter -->
<testsuite skipped="0" hostname="MOSTAFA-PC" name="testRunner.TestRunner" tests="11" failures="0" timestamp="2022-06-06T08:59:14 EET" time="89.870" errors="0">
  <testcase name="runScenario" time="7.944" classname="testRunner.TestRunner"/>
  <system-out/>
  <testcase name="runScenario" time="11.016" classname="testRunner.TestRunner"/>
  <system-out/>
  <testcase name="runScenario" time="4.724" classname="testRunner.TestRunner"/>
  <system-out/>
  <testcase name="runScenario" time="5.213" classname="testRunner.TestRunner"/>
  <system-out/>
  <testcase name="runScenario" time="6.464" classname="testRunner.TestRunner"/>
  <system-out/>
  <testcase name="runScenario" time="8.122" classname="testRunner.TestRunner"/>
  <system-out/>
  <testcase name="runScenario" time="20.573" classname="testRunner.TestRunner"/>
  <system-out/>
  <testcase name="runScenario" time="10.118" classname="testRunner.TestRunner"/>
  <system-out/>
  <testcase name="runScenario" time="5.115" classname="testRunner.TestRunner"/>
  <system-out/>
  <testcase name="runScenario" time="5.920" classname="testRunner.TestRunner"/>
  <system-out/>
  <testcase name="runScenario" time="4.661" classname="testRunner.TestRunner"/>
  <system-out/>
</testsuite> <!-- testRunner.TestRunner -->
